[02:12:39] [ServerMain/INFO]: Environment: Environment[sessionHost=https://sessionserver.mojang.com, servicesHost=https://api.minecraftservices.com, name=PROD]
[02:12:40] [ServerMain/INFO]: Loaded 1407 recipes
[02:12:40] [ServerMain/INFO]: Loaded 1520 advancements
[02:12:40] [Server thread/INFO]: Starting minecraft server version 1.21.8
[02:12:40] [Server thread/INFO]: Loading properties
[02:12:40] [Server thread/INFO]: Default game type: SURVIVAL
[02:12:40] [Server thread/INFO]: Generating keypair
[02:12:40] [Server thread/INFO]: Starting Minecraft server on *:25565
[02:12:40] [Server thread/INFO]: Using epoll channel type
[02:12:40] [Server thread/INFO]: Preparing level "world"
[02:12:41] [Server thread/INFO]: Preparing start region for dimension minecraft:overworld
[02:12:42] [Worker-Main-4/INFO]: Preparing spawn area: 0%
[02:12:42] [Worker-Main-4/INFO]: Preparing spawn area: 0%
[02:12:42] [Worker-Main-4/INFO]: Preparing spawn area: 0%
[02:12:42] [Server thread/INFO]: Time elapsed: 1469 ms
[02:12:42] [Server thread/INFO]: Done (1.695s)! For help, type "help"
[02:13:42] [Server thread/INFO]: Server empty for 60 seconds, pausing
[02:16:33] [User Authenticator #1/INFO]: UUID of player esponjitaxd is 47918cf8-8310-47a0-9094-e228ee4b7970
[02:16:34] [Server thread/INFO]: esponjitaxd[/127.230.149.171:45299] logged in with entity id 20 at (-9.5, 64.0, -25.5)
[02:16:34] [Server thread/INFO]: esponjitaxd joined the game
[02:17:33] [User Authenticator #2/INFO]: Disconnecting frankicito (/127.68.137.166:55667): Failed to verify username!
[02:17:33] [User Authenticator #2/ERROR]: Username 'frankicito' tried to join with an invalid session
[02:17:33] [Server thread/INFO]: frankicito (/127.68.137.166:55667) lost connection: Failed to verify username!
[02:17:38] [User Authenticator #3/INFO]: Disconnecting frankicito (/127.68.137.166:39641): Failed to verify username!
[02:17:38] [User Authenticator #3/ERROR]: Username 'frankicito' tried to join with an invalid session
[02:17:38] [Server thread/INFO]: frankicito (/127.68.137.166:39641) lost connection: Failed to verify username!
[02:18:16] [User Authenticator #4/INFO]: Disconnecting frankicito (/127.68.137.166:42629): Failed to verify username!
[02:18:16] [User Authenticator #4/ERROR]: Username 'frankicito' tried to join with an invalid session
[02:18:16] [Server thread/INFO]: frankicito (/127.68.137.166:42629) lost connection: Failed to verify username!
[02:20:56] [Server thread/INFO]: Stopping the server
[02:20:56] [Server thread/INFO]: Stopping server
[02:20:56] [Server thread/INFO]: Saving players
[02:20:56] [Server thread/INFO]: Saving worlds
[02:20:56] [Server thread/INFO]: Saving chunks for level 'ServerLevel[world]'/minecraft:overworld
[02:20:58] [Server thread/INFO]: Saving chunks for level 'ServerLevel[world]'/minecraft:the_end
[02:20:58] [Server thread/INFO]: Saving chunks for level 'ServerLevel[world]'/minecraft:the_nether
[02:20:58] [Server thread/INFO]: ThreadedAnvilChunkStorage (world): All chunks are saved
[02:20:58] [Server thread/INFO]: ThreadedAnvilChunkStorage (DIM1): All chunks are saved
[02:20:58] [Server thread/INFO]: ThreadedAnvilChunkStorage (DIM-1): All chunks are saved
[02:20:58] [Server thread/INFO]: ThreadedAnvilChunkStorage: All dimensions are saved
